
未经处理的异常:  System.Reflection.TargetInvocationException: 调用的目标发生了异常。 ---> System.NullReferenceException: 未将对象引用设置到对象的实例。
   在 LicenseManager.WPF.MainWindow.DeviceTypeCombo_SelectionChanged(Object sender, SelectionChangedEventArgs e) 位置 E:\公司\项目\SqlDemo\LicenseManager.WPF\MainWindow.xaml.cs:行号 74
   在 System.Windows.RoutedEventArgs.InvokeHandler(Delegate handler, Object target)
   在 System.Windows.RoutedEventHandlerInfo.InvokeHandler(Object target, RoutedEventArgs routedEventArgs)
   在 System.Windows.EventRoute.InvokeHandlersImpl(Object source, RoutedEventArgs args, Boolean reRaised)
   在 System.Windows.UIElement.RaiseEventImpl(DependencyObject sender, RoutedEventArgs args)
   在 System.Windows.Controls.ComboBox.OnSelectionChanged(SelectionChangedEventArgs e)
   在 System.Windows.Controls.Primitives.Selector.SelectionChanger.End()
   在 System.Windows.Controls.Primitives.Selector.SelectionChanger.SelectJustThisItem(ItemInfo info, Boolean assumeInItemsCollection)
   在 System.Windows.Controls.Primitives.Selector.OnSelectedIndexChanged(DependencyObject d, DependencyPropertyChangedEventArgs e)
   在 System.Windows.DependencyObject.OnPropertyChanged(DependencyPropertyChangedEventArgs e)
   在 System.Windows.FrameworkElement.OnPropertyChanged(DependencyPropertyChangedEventArgs e)
   在 System.Windows.DependencyObject.NotifyPropertyChange(DependencyPropertyChangedEventArgs args)
   在 System.Windows.DependencyObject.UpdateEffectiveValue(EntryIndex entryIndex, DependencyProperty dp, PropertyMetadata metadata, EffectiveValueEntry oldEntry, EffectiveValueEntry& newEntry, Boolean coerceWithDeferredReference, Boolean coerceWithCurrentValue, OperationType operationType)
   在 System.Windows.DependencyObject.CoerceValue(DependencyProperty dp)
   在 System.Windows.Controls.Primitives.Selector.OnItemsChanged(NotifyCollectionChangedEventArgs e)
   在 System.Collections.Specialized.NotifyCollectionChangedEventHandler.Invoke(Object sender, NotifyCollectionChangedEventArgs e)
   在 System.Windows.Data.CollectionView.OnCollectionChanged(NotifyCollectionChangedEventArgs args)
   在 System.Windows.Controls.ItemCollection.RefreshOverride()
   在 System.Windows.Data.CollectionView.RefreshInternal()
   在 System.Windows.Controls.ItemCollection.EndInit()
   在 System.Windows.Controls.ItemsControl.EndInit()
   在 MS.Internal.Xaml.Runtime.ClrObjectRuntime.InitializationGuard(XamlType xamlType, Object obj, Boolean begin)
   在 System.Xaml.XamlObjectWriter.Logic_EndInit(ObjectWriterContext ctx)
   在 System.Xaml.XamlObjectWriter.WriteEndObject()
   在 System.Windows.Markup.WpfXamlLoader.TransformNodes(XamlReader xamlReader, XamlObjectWriter xamlWriter, Boolean onlyLoadOneNode, Boolean skipJournaledProperties, Boolean shouldPassLineNumberInfo, IXamlLineInfo xamlLineInfo, IXamlLineInfoConsumer xamlLineInfoConsumer, XamlContextStack`1 stack, IStyleConnector styleConnector)
   在 System.Windows.Markup.WpfXamlLoader.Load(XamlReader xamlReader, IXamlObjectWriterFactory writerFactory, Boolean skipJournaledProperties, Object rootObject, XamlObjectWriterSettings settings, Uri baseUri)
   在 System.Windows.Markup.WpfXamlLoader.LoadBaml(XamlReader xamlReader, Boolean skipJournaledProperties, Object rootObject, XamlAccessLevel accessLevel, Uri baseUri)
   在 System.Windows.Markup.XamlReader.LoadBaml(Stream stream, ParserContext parserContext, Object parent, Boolean closeStream)
   在 LicenseManager.WPF.MainWindow.InitializeComponent() 位置 E:\公司\项目\SqlDemo\LicenseManager.WPF\MainWindow.xaml:行号 1
   在 LicenseManager.WPF.MainWindow..ctor() 位置 E:\公司\项目\SqlDemo\LicenseManager.WPF\MainWindow.xaml.cs:行号 30
   --- 内部异常堆栈跟踪的结尾 ---
   在 System.RuntimeTypeHandle.CreateInstance(RuntimeType type, Boolean publicOnly, Boolean noCheck, Boolean& canBeCached, RuntimeMethodHandleInternal& ctor, Boolean& bNeedSecurityCheck)
   在 System.RuntimeType.CreateInstanceSlow(Boolean publicOnly, Boolean skipCheckThis, Boolean fillCache, StackCrawlMark& stackMark)
   在 System.Activator.CreateInstance(Type type, Boolean nonPublic)
   在 System.RuntimeType.CreateInstanceImpl(BindingFlags bindingAttr, Binder binder, Object[] args, CultureInfo culture, Object[] activationAttributes, StackCrawlMark& stackMark)
   在 System.Activator.CreateInstance(Type type, BindingFlags bindingAttr, Binder binder, Object[] args, CultureInfo culture, Object[] activationAttributes)
   在 System.Activator.CreateInstance(Type type, Object[] args)
   在 System.Xaml.Schema.SafeReflectionInvoker.CreateInstanceCritical(Type type, Object[] arguments)
   在 System.Xaml.Schema.XamlTypeInvoker.CreateInstance(Object[] arguments)
   在 MS.Internal.Xaml.Runtime.ClrObjectRuntime.CreateInstance(XamlType xamlType, Object[] args)
   在 System.Xaml.XamlObjectWriter.Logic_CreateAndAssignToParentStart(ObjectWriterContext ctx)
   在 System.Xaml.XamlObjectWriter.WriteStartMember(XamlMember property)
   在 System.Windows.Markup.WpfXamlLoader.TransformNodes(XamlReader xamlReader, XamlObjectWriter xamlWriter, Boolean onlyLoadOneNode, Boolean skipJournaledProperties, Boolean shouldPassLineNumberInfo, IXamlLineInfo xamlLineInfo, IXamlLineInfoConsumer xamlLineInfoConsumer, XamlContextStack`1 stack, IStyleConnector styleConnector)
   在 System.Windows.Markup.WpfXamlLoader.Load(XamlReader xamlReader, IXamlObjectWriterFactory writerFactory, Boolean skipJournaledProperties, Object rootObject, XamlObjectWriterSettings settings, Uri baseUri)
   在 System.Windows.Markup.WpfXamlLoader.LoadBaml(XamlReader xamlReader, Boolean skipJournaledProperties, Object rootObject, XamlAccessLevel accessLevel, Uri baseUri)
   在 System.Windows.Markup.XamlReader.LoadBaml(Stream stream, ParserContext parserContext, Object parent, Boolean closeStream)
   在 System.Windows.Application.LoadBamlStreamWithSyncInfo(Stream stream, ParserContext pc)
   在 System.Windows.Application.DoStartup()
   在 System.Windows.Application.<.ctor>b__1_0(Object unused)
   在 System.Windows.Threading.ExceptionWrapper.InternalRealCall(Delegate callback, Object args, Int32 numArgs)
   在 System.Windows.Threading.ExceptionWrapper.TryCatchWhen(Object source, Delegate callback, Object args, Int32 numArgs, Delegate catchHandler)
   在 System.Windows.Threading.DispatcherOperation.InvokeImpl()
   在 MS.Internal.CulturePreservingExecutionContext.CallbackWrapper(Object obj)
   在 System.Threading.ExecutionContext.RunInternal(ExecutionContext executionContext, ContextCallback callback, Object state, Boolean preserveSyncCtx)
   在 System.Threading.ExecutionContext.Run(ExecutionContext executionContext, ContextCallback callback, Object state, Boolean preserveSyncCtx)
   在 System.Threading.ExecutionContext.Run(ExecutionContext executionContext, ContextCallback callback, Object state)
   在 MS.Internal.CulturePreservingExecutionContext.Run(CulturePreservingExecutionContext executionContext, ContextCallback callback, Object state)
   在 System.Windows.Threading.DispatcherOperation.Invoke()
   在 System.Windows.Threading.Dispatcher.ProcessQueue()
   在 System.Windows.Threading.Dispatcher.WndProcHook(IntPtr hwnd, Int32 msg, IntPtr wParam, IntPtr lParam, Boolean& handled)
   在 MS.Win32.HwndWrapper.WndProc(IntPtr hwnd, Int32 msg, IntPtr wParam, IntPtr lParam, Boolean& handled)
   在 MS.Win32.HwndSubclass.DispatcherCallbackOperation(Object o)
   在 System.Windows.Threading.ExceptionWrapper.InternalRealCall(Delegate callback, Object args, Int32 numArgs)
   在 System.Windows.Threading.ExceptionWrapper.TryCatchWhen(Object source, Delegate callback, Object args, Int32 numArgs, Delegate catchHandler)
   在 System.Windows.Threading.Dispatcher.LegacyInvokeImpl(DispatcherPriority priority, TimeSpan timeout, Delegate method, Object args, Int32 numArgs)
   在 MS.Win32.HwndSubclass.SubclassWndProc(IntPtr hwnd, Int32 msg, IntPtr wParam, IntPtr lParam)
   在 MS.Win32.UnsafeNativeMethods.DispatchMessage(MSG& msg)
   在 System.Windows.Threading.Dispatcher.PushFrameImpl(DispatcherFrame frame)
   在 System.Windows.Application.RunDispatcher(Object ignore)
   在 System.Windows.Application.RunInternal(Window window)
   在 LicenseManager.WPF.App.Main()
